# JRE version: OpenJDK Runtime Environment (11.0.12+7) (build 11.0.12+7-b1504.28-7817840)
# Java VM: OpenJDK 64-Bit Server VM (11.0.12+7-b1504.28-7817840, mixed mode, tiered, compressed oops, g1 gc, windows-amd64)
Heap:
 garbage-first heap   total 260096K, used 158837K [0x00000000c0000000, 0x0000000100000000)
  region size 1024K, 66 young (67584K), 10 survivors (10240K)
 Metaspace       used 85800K, capacity 87952K, committed 88088K, reserved 1126400K
  class space    used 11199K, capacity 12036K, committed 12160K, reserved 1048576K
GC Heap History (18 events):
Event: 0.772 GC heap before
{Heap before GC invocations=0 (full 0):
 garbage-first heap   total 260096K, used 29696K [0x00000000c0000000, 0x0000000100000000)
  region size 1024K, 24 young (24576K), 0 survivors (0K)
 Metaspace       used 9856K, capacity 10058K, committed 10112K, reserved 1058816K
  class space    used 1027K, capacity 1102K, committed 1152K, reserved 1048576K
}
Event: 0.777 GC heap after
{Heap after GC invocations=1 (full 0):
 garbage-first heap   total 260096K, used 9322K [0x00000000c0000000, 0x0000000100000000)
  region size 1024K, 3 young (3072K), 3 survivors (3072K)
 Metaspace       used 9856K, capacity 10058K, committed 10112K, reserved 1058816K
  class space    used 1027K, capacity 1102K, committed 1152K, reserved 1048576K
}
Event: 3.015 GC heap before
{Heap before GC invocations=1 (full 0):
 garbage-first heap   total 260096K, used 108650K [0x00000000c0000000, 0x0000000100000000)
  region size 1024K, 101 young (103424K), 3 survivors (3072K)
 Metaspace       used 20728K, capacity 21156K, committed 21248K, reserved 1067008K
  class space    used 2548K, capacity 2727K, committed 2816K, reserved 1048576K
}
Event: 3.025 GC heap after
{Heap after GC invocations=2 (full 0):
 garbage-first heap   total 260096K, used 16844K [0x00000000c0000000, 0x0000000100000000)
  region size 1024K, 11 young (11264K), 11 survivors (11264K)
 Metaspace       used 20728K, capacity 21156K, committed 21248K, reserved 1067008K
  class space    used 2548K, capacity 2727K, committed 2816K, reserved 1048576K
}
Event: 3.284 GC heap before
{Heap before GC invocations=3 (full 0):
 garbage-first heap   total 260096K, used 46540K [0x00000000c0000000, 0x0000000100000000)
  region size 1024K, 40 young (40960K), 11 survivors (11264K)
 Metaspace       used 23600K, capacity 24099K, committed 24192K, reserved 1071104K
  class space    used 3001K, capacity 3181K, committed 3200K, reserved 1048576K
}
Event: 3.291 GC heap after
{Heap after GC invocations=4 (full 0):
 garbage-first heap   total 260096K, used 17993K [0x00000000c0000000, 0x0000000100000000)
  region size 1024K, 2 young (2048K), 2 survivors (2048K)
 Metaspace       used 23600K, capacity 24099K, committed 24192K, reserved 1071104K
  class space    used 3001K, capacity 3181K, committed 3200K, reserved 1048576K
}
Event: 4.631 GC heap before
{Heap before GC invocations=4 (full 0):
 garbage-first heap   total 260096K, used 135753K [0x00000000c0000000, 0x0000000100000000)
  region size 1024K, 108 young (110592K), 2 survivors (2048K)
 Metaspace       used 34738K, capacity 35673K, committed 35840K, reserved 1079296K
  class space    used 4650K, capacity 4995K, committed 5120K, reserved 1048576K
}
Event: 4.643 GC heap after
{Heap after GC invocations=5 (full 0):
 garbage-first heap   total 260096K, used 35877K [0x00000000c0000000, 0x0000000100000000)
  region size 1024K, 9 young (9216K), 9 survivors (9216K)
 Metaspace       used 34738K, capacity 35673K, committed 35840K, reserved 1079296K
  class space    used 4650K, capacity 4995K, committed 5120K, reserved 1048576K
}
Event: 6.192 GC heap before
{Heap before GC invocations=6 (full 0):
 garbage-first heap   total 260096K, used 174117K [0x00000000c0000000, 0x0000000100000000)
  region size 1024K, 137 young (140288K), 9 survivors (9216K)
 Metaspace       used 46432K, capacity 47685K, committed 47872K, reserved 1091584K
  class space    used 5902K, capacity 6339K, committed 6400K, reserved 1048576K
}
Event: 6.207 GC heap after
{Heap after GC invocations=7 (full 0):
 garbage-first heap   total 260096K, used 50647K [0x00000000c0000000, 0x0000000100000000)
  region size 1024K, 18 young (18432K), 18 survivors (18432K)
 Metaspace       used 46432K, capacity 47685K, committed 47872K, reserved 1091584K
  class space    used 5902K, capacity 6339K, committed 6400K, reserved 1048576K
}
Event: 7.728 GC heap before
{Heap before GC invocations=7 (full 0):
 garbage-first heap   total 260096K, used 189911K [0x00000000c0000000, 0x0000000100000000)
  region size 1024K, 147 young (150528K), 18 survivors (18432K)
 Metaspace       used 52948K, capacity 54503K, committed 54784K, reserved 1097728K
  class space    used 6833K, capacity 7366K, committed 7424K, reserved 1048576K
}
Event: 7.746 GC heap after
{Heap after GC invocations=8 (full 0):
 garbage-first heap   total 260096K, used 73295K [0x00000000c0000000, 0x0000000100000000)
  region size 1024K, 15 young (15360K), 15 survivors (15360K)
 Metaspace       used 52948K, capacity 54503K, committed 54784K, reserved 1097728K
  class space    used 6833K, capacity 7366K, committed 7424K, reserved 1048576K
}
Event: 8.325 GC heap before
{Heap before GC invocations=8 (full 0):
 garbage-first heap   total 260096K, used 113231K [0x00000000c0000000, 0x0000000100000000)
  region size 1024K, 55 young (56320K), 15 survivors (15360K)
 Metaspace       used 58456K, capacity 60031K, committed 60160K, reserved 1101824K
  class space    used 7505K, capacity 8078K, committed 8192K, reserved 1048576K
}
Event: 8.342 GC heap after
{Heap after GC invocations=9 (full 0):
 garbage-first heap   total 260096K, used 75200K [0x00000000c0000000, 0x0000000100000000)
  region size 1024K, 3 young (3072K), 3 survivors (3072K)
 Metaspace       used 58456K, capacity 60031K, committed 60160K, reserved 1101824K
  class space    used 7505K, capacity 8078K, committed 8192K, reserved 1048576K
}
Event: 9.731 GC heap before
{Heap before GC invocations=10 (full 0):
 garbage-first heap   total 260096K, used 198080K [0x00000000c0000000, 0x0000000100000000)
  region size 1024K, 123 young (125952K), 3 survivors (3072K)
 Metaspace       used 67795K, capacity 69643K, committed 69784K, reserved 1110016K
  class space    used 8704K, capacity 9370K, committed 9472K, reserved 1048576K
}
Event: 9.741 GC heap after
{Heap after GC invocations=11 (full 0):
 garbage-first heap   total 260096K, used 82688K [0x00000000c0000000, 0x0000000100000000)
  region size 1024K, 10 young (10240K), 10 survivors (10240K)
 Metaspace       used 67795K, capacity 69643K, committed 69784K, reserved 1110016K
  class space    used 8704K, capacity 9370K, committed 9472K, reserved 1048576K
}
Event: 11.345 GC heap before
{Heap before GC invocations=12 (full 0):
 garbage-first heap   total 260096K, used 211712K [0x00000000c0000000, 0x0000000100000000)
  region size 1024K, 126 young (129024K), 10 survivors (10240K)
 Metaspace       used 79068K, capacity 81215K, committed 81432K, reserved 1120256K
  class space    used 10254K, capacity 11065K, committed 11136K, reserved 1048576K
}
Event: 11.358 GC heap after
{Heap after GC invocations=13 (full 0):
 garbage-first heap   total 260096K, used 102517K [0x00000000c0000000, 0x0000000100000000)
  region size 1024K, 10 young (10240K), 10 survivors (10240K)
 Metaspace       used 79068K, capacity 81215K, committed 81432K, reserved 1120256K
  class space    used 10254K, capacity 11065K, committed 11136K, reserved 1048576K
}

